<?xml version="1.0" encoding="UTF-8"?>
<!-- Generated by org.testng.reporters.JUnitReportReporter -->
<testsuite hostname="DESKTOP-PGLI7LE" failures="0" tests="1" name="testcases.RegisterTest" time="36.859" errors="0" timestamp="2021-07-20T15:19:18 IST" skipped="0">
  <testcase classname="testcases.RegisterTest" name="testRegistration" time="36.859"/>
  <system-out/>
</testsuite> <!-- testcases.RegisterTest -->
