<?xml version="1.0" encoding="UTF-8"?>
<!-- Generated by org.testng.reporters.JUnitReportReporter -->
<testsuite hostname="DESKTOP-PGLI7LE" failures="0" tests="1" name="testcases.TestScenario1" time="37.295" errors="0" timestamp="2021-07-21T14:39:18 IST" skipped="0">
  <testcase classname="testcases.TestScenario1" name="Scenario1" time="37.295"/>
  <system-out/>
</testsuite> <!-- testcases.TestScenario1 -->
